INFO:root:Accessing DB: cross_section_Simulation.db
INFO:root:Accessing DB: cross_section_Simulation_H2O.db
INFO:root:Accessing DB: cross_section_Simulation_CO2.db
INFO:root:Accessing DB: cross_section_Simulation_CH4.db
INFO:root:Accessing DB: cross_section_Simulation_O2.db
INFO:root:Accessing DB: cross_section_Simulation_O3.db
INFO:root:Accessing DB: cross_section_Simulation_N2.db
INFO:root:Accessing DB: cross_section_Simulation.db
INFO:root:Accessing DB: cross_section_Simulation_H2O.db
INFO:root:Accessing DB: cross_section_Simulation.db
INFO:root:Accessing DB: cross_section_Simulation_H2O.db
INFO:root:Accessing DB: cross_section_Simulation_CO2.db
INFO:root:Accessing DB: cross_section_Simulation_CH4.db
INFO:root:Accessing DB: cross_section_Simulation_O2.db
INFO:root:Accessing DB: cross_section_Simulation_O3.db
INFO:root:Accessing DB: cross_section_Simulation_N2.db
INFO:root:Accessing DB: cross_section_Simulation.db
INFO:root:Accessing DB: cross_section_Simulation_H2O.db
INFO:root:Accessing DB: cross_section_Example.db
INFO:root:Accessing DB: cross_section_Example.db
INFO:root:Accessing DB: cross_sec_Example.db
INFO:root:Accessing DB: cross_sec_Example.db
INFO:root:Accessing DB: cross_sec_Example.db
INFO:root:Accessing DB: cross_section_Simulation_H2O.db
INFO:root:Accessing DB: cross_sec_Example.db
INFO:root:Accessing DB: cross_sec_Example.db
INFO:root:Accessing DB: cross_section_Simulation_H2O.db
INFO:root:Accessing DB: cross_sec_Example.db
INFO:root:Accessing DB: cross_section_Simulation_H2O.db
INFO:root:Accessing DB: cross_sec_Example.db
INFO:root:Accessing DB: cross_section_Simulation_H2O.db
INFO:root:Accessing DB: cross_sec_Example.db
INFO:root:Accessing DB: cross_section_Simulation_H2O.db
INFO:root:Accessing DB: cross_sec_Example.db
INFO:root:Accessing DB: cross_section_Simulation_H2O.db
INFO:root:Accessing DB: cross_sec_Example.db
INFO:root:Accessing DB: cross_section_Simulation_H2O.db
INFO:root:Accessing DB: cross_sec_Example.db
INFO:root:Accessing DB: cross_section_Simulation_H2O.db
INFO:root:Accessing DB: cross_sec_Example.db
INFO:root:Accessing DB: cross_sec_Example.db
INFO:root:Accessing DB: cross_sec_Example.db
INFO:root:Accessing DB: cross_section_Simulation_H2O.db
INFO:root:Accessing DB: cross_sec_Example.db
INFO:root:Accessing DB: cross_sec_Example.db
INFO:root:Accessing DB: cross_sec_Example.db
INFO:root:Accessing DB: cross_sec_Example.db
INFO:root:Accessing DB: cross_sec_Example.db
INFO:root:Accessing DB: cross_sec_Example.db
INFO:root:Accessing DB: cross_sec_Example.db
INFO:root:Accessing DB: cross_sec_Example.db
INFO:root:Accessing DB: cross_sec_Example.db
INFO:root:Accessing DB: cross_sec_Example.db
INFO:root:Accessing DB: cross_sec_Example.db
INFO:root:Accessing DB: cross_sec_Example.db
INFO:root:Accessing DB: cross_sec_Example.db
INFO:root:Accessing DB: cross_sec_Example.db
INFO:root:Accessing DB: cross_sec_Example.db
INFO:root:Accessing DB: cross_sec_Example.db
INFO:root:Accessing DB: cross_sec_Example.db
INFO:root:Accessing DB: cross_sec_Example.db
INFO:root:Accessing DB: cross_sec_Example.db
INFO:root:Accessing DB: cross_sec_Example.db
INFO:root:Accessing DB: cross_sec_Example.db
INFO:root:Accessing DB: cross_sec_Example.db
INFO:root:Accessing DB: cross_sec_Example.db
INFO:root:Accessing DB: cross_sec_Example.db
INFO:root:Accessing DB: cross_sec_Example.db
INFO:root:Accessing DB: cross_sec_Example.db
INFO:root:Accessing DB: cross_sec_Example.db
INFO:root:Accessing DB: cross_sec_Example.db
INFO:root:Accessing DB: cross_sec_Example.db
INFO:root:Accessing DB: cross_sec_Example.db
INFO:root:Accessing DB: cross_sec_Example.db
INFO:root:Accessing DB: cross_sec_Example.db
INFO:root:Accessing DB: cross_sec_Example.db
INFO:root:Accessing DB: cross_sec_Example.db
INFO:root:Accessing DB: cross_sec_Example.db
INFO:root:Accessing DB: cross_sec_Example.db
INFO:root:Accessing DB: cross_sec_Example.db
INFO:root:Accessing DB: cross_sec_Example.db
INFO:root:Accessing DB: cross_sec_Example.db
INFO:root:Accessing DB: cross_sec_Example.db
INFO:root:Accessing DB: cross_sec_Example.db
INFO:root:Accessing DB: cross_sec_Example.db
INFO:root:Accessing DB: cross_sec_Example.db
INFO:root:Accessing DB: cross_sec_Example.db
